projeto/SwapGames/app/build/outputs/logs/manifest-merger-debug-report.txt
-- Merging decision tree log ---
manifest
ADDED from src\main\AndroidManifest.xml:2:1-79:12
INJECTED from src\main\AndroidManifest.xml:2:1-79:12
INJECTED from src\main\AndroidManifest.xml:2:1-79:12
INJECTED from src\main\AndroidManifest.xml:2:1-79:12
MERGED from [com.android.databinding:adapters:3.1.1] AndroidManifest.xml:17:1-24:12
MERGED from [com.android.databinding:library:3.1.1] AndroidManifest.xml:17:1-24:12
MERGED from [com.android.support:design:26.1.0] AndroidManifest.xml:17:1-31:12
MERGED from [com.facebook.android:facebook-android-sdk:4.33.0] AndroidManifest.xml:21:1-31:12
MERGED from [com.facebook.android:facebook-login:4.33.0] AndroidManifest.xml:21:1-31:12
MERGED from [com.facebook.android:facebook-share:4.33.0] AndroidManifest.xml:21:1-31:12
MERGED from [com.facebook.android:facebook-common:4.33.0] AndroidManifest.xml:21:1-36:12
MERGED from [com.android.support:appcompat-v7:27.0.2] AndroidManifest.xml:17:1-22:12
MERGED from [com.android.support.constraint:constraint-layout:1.1.2] AndroidManifest.xml:2:1-11:12
MERGED from [com.android.support:multidex:1.0.3] AndroidManifest.xml:17:1-22:12
MERGED from [com.android.support:transition:26.1.0] AndroidManifest.xml:17:1-28:12
MERGED from [com.android.support:support-v4:27.0.2] AndroidManifest.xml:17:1-22:12
MERGED from [com.android.support:recyclerview-v7:26.1.0] AndroidManifest.xml:17:1-28:12
MERGED from [com.facebook.android:facebook-places:4.33.0] AndroidManifest.xml:21:1-31:12
MERGED from [com.facebook.android:facebook-applinks:4.33.0] AndroidManifest.xml:21:1-31:12
MERGED from [com.facebook.android:facebook-messenger:4.33.0] AndroidManifest.xml:21:1-31:12
MERGED from [com.facebook.android:facebook-core:4.33.0] AndroidManifest.xml:21:1-53:12
MERGED from [com.android.support:customtabs:27.0.2] AndroidManifest.xml:17:1-22:12
MERGED from [com.android.support:support-fragment:27.0.2] AndroidManifest.xml:17:1-22:12
MERGED from [com.android.support:support-core-utils:27.0.2] AndroidManifest.xml:17:1-22:12
MERGED from [com.android.support:support-media-compat:27.0.2] AndroidManifest.xml:17:1-22:12
MERGED from [com.android.support:animated-vector-drawable:27.0.2] AndroidManifest.xml:17:1-22:12
MERGED from [com.android.support:support-core-ui:27.0.2] AndroidManifest.xml:17:1-22:12
MERGED from [com.android.support:support-vector-drawable:27.0.2] AndroidManifest.xml:17:1-22:12
MERGED from [com.android.support:support-compat:27.0.2] AndroidManifest.xml:17:1-22:12
MERGED from [android.arch.lifecycle:runtime:1.0.3] AndroidManifest.xml:17:1-24:12
MERGED from [com.android.support:cardview-v7:27.0.2] AndroidManifest.xml:17:1-22:12
MERGED from [de.hdodenhof:circleimageview:2.2.0] AndroidManifest.xml:2:1-11:12
INJECTED from src\main\AndroidManifest.xml:2:1-79:12
INJECTED from src\main\AndroidManifest.xml:2:1-79:12
INJECTED from src\main\AndroidManifest.xml:2:1-79:12
	package
		ADDED from src\main\AndroidManifest.xml:3:5-38
		INJECTED from src\main\AndroidManifest.xml
		INJECTED from src\main\AndroidManifest.xml
	android:versionName
		INJECTED from src\main\AndroidManifest.xml
		ADDED from src\main\AndroidManifest.xml:2:1-79:12
		INJECTED from src\main\AndroidManifest.xml
	android:versionCode
		INJECTED from src\main\AndroidManifest.xml
		ADDED from src\main\AndroidManifest.xml:2:1-79:12
		INJECTED from src\main\AndroidManifest.xml
	xmlns:android
		ADDED from src\main\AndroidManifest.xml:2:11-69
uses-permission#android.permission.GET_ACCOUNTS
ADDED from src\main\AndroidManifest.xml:6:5-71
	android:name
		ADDED from src\main\AndroidManifest.xml:6:22-68
uses-permission#android.permission.READ_PROFILE
ADDED from src\main\AndroidManifest.xml:7:5-71
	android:name
		ADDED from src\main\AndroidManifest.xml:7:22-68
uses-permission#android.permission.READ_CONTACTS
ADDED from src\main\AndroidManifest.xml:8:5-72
	android:name
		ADDED from src\main\AndroidManifest.xml:8:22-69
uses-permission#android.permission.INTERNET
ADDED from src\main\AndroidManifest.xml:11:5-67
	android:name
		ADDED from src\main\AndroidManifest.xml:11:22-64
uses-permission#android.permission.ACCESS_COARSE_LOCATION
ADDED from src\main\AndroidManifest.xml:14:5-81
	android:name
		ADDED from src\main\AndroidManifest.xml:14:22-78
uses-permission#android.permission.ACCESS_FINE_LOCATION
ADDED from src\main\AndroidManifest.xml:15:5-79
	android:name
		ADDED from src\main\AndroidManifest.xml:15:22-76
uses-permission#android.permission.WRITE_EXTERNAL_STORAGE
ADDED from src\main\AndroidManifest.xml:18:5-81
	android:name
		ADDED from src\main\AndroidManifest.xml:18:22-78
uses-permission#android.permission.READ_EXTERNAL_STORAGE
ADDED from src\main\AndroidManifest.xml:19:5-80
	android:name
		ADDED from src\main\AndroidManifest.xml:19:22-77
uses-feature#android.hardware.camera
ADDED from src\main\AndroidManifest.xml:22:5-24:36
	android:required
		ADDED from src\main\AndroidManifest.xml:24:9-33
	android:name
		ADDED from src\main\AndroidManifest.xml:23:9-47
application
ADDED from src\main\AndroidManifest.xml:26:5-78:19
MERGED from [com.android.support:design:26.1.0] AndroidManifest.xml:25:5-29:19
MERGED from [com.android.support:design:26.1.0] AndroidManifest.xml:25:5-29:19
MERGED from [com.facebook.android:facebook-android-sdk:4.33.0] AndroidManifest.xml:28:5-29:19
MERGED from [com.facebook.android:facebook-android-sdk:4.33.0] AndroidManifest.xml:28:5-29:19
MERGED from [com.facebook.android:facebook-login:4.33.0] AndroidManifest.xml:28:5-29:19
MERGED from [com.facebook.android:facebook-login:4.33.0] AndroidManifest.xml:28:5-29:19
MERGED from [com.facebook.android:facebook-share:4.33.0] AndroidManifest.xml:28:5-29:19
MERGED from [com.facebook.android:facebook-share:4.33.0] AndroidManifest.xml:28:5-29:19
MERGED from [com.facebook.android:facebook-common:4.33.0] AndroidManifest.xml:28:5-34:19
MERGED from [com.facebook.android:facebook-common:4.33.0] AndroidManifest.xml:28:5-34:19
MERGED from [com.android.support.constraint:constraint-layout:1.1.2] AndroidManifest.xml:9:5-20
MERGED from [com.android.support.constraint:constraint-layout:1.1.2] AndroidManifest.xml:9:5-20
MERGED from [com.android.support:transition:26.1.0] AndroidManifest.xml:22:5-26:19
MERGED from [com.android.support:transition:26.1.0] AndroidManifest.xml:22:5-26:19
MERGED from [com.android.support:recyclerview-v7:26.1.0] AndroidManifest.xml:22:5-26:19
MERGED from [com.android.support:recyclerview-v7:26.1.0] AndroidManifest.xml:22:5-26:19
MERGED from [com.facebook.android:facebook-places:4.33.0] AndroidManifest.xml:28:5-29:19
MERGED from [com.facebook.android:facebook-places:4.33.0] AndroidManifest.xml:28:5-29:19
MERGED from [com.facebook.android:facebook-applinks:4.33.0] AndroidManifest.xml:28:5-29:19
MERGED from [com.facebook.android:facebook-applinks:4.33.0] AndroidManifest.xml:28:5-29:19
MERGED from [com.facebook.android:facebook-messenger:4.33.0] AndroidManifest.xml:28:5-29:19
MERGED from [com.facebook.android:facebook-messenger:4.33.0] AndroidManifest.xml:28:5-29:19
MERGED from [com.facebook.android:facebook-core:4.33.0] AndroidManifest.xml:28:5-51:19
MERGED from [com.facebook.android:facebook-core:4.33.0] AndroidManifest.xml:28:5-51:19
MERGED from [de.hdodenhof:circleimageview:2.2.0] AndroidManifest.xml:9:5-20
MERGED from [de.hdodenhof:circleimageview:2.2.0] AndroidManifest.xml:9:5-20
	android:supportsRtl
		ADDED from src\main\AndroidManifest.xml:31:9-35
	android:label
		ADDED from src\main\AndroidManifest.xml:29:9-41
	android:roundIcon
		ADDED from src\main\AndroidManifest.xml:30:9-54
	android:icon
		ADDED from src\main\AndroidManifest.xml:28:9-49
	android:allowBackup
		ADDED from src\main\AndroidManifest.xml:27:9-35
	android:theme
		ADDED from src\main\AndroidManifest.xml:32:9-40
activity#br.com.tuiuti.swapgames.MainActivity
ADDED from src\main\AndroidManifest.xml:37:9-43:20
	android:name
		ADDED from src\main\AndroidManifest.xml:37:19-47
intent-filter#action:name:android.intent.action.MAIN+category:name:android.intent.category.LAUNCHER
ADDED from src\main\AndroidManifest.xml:38:13-42:29
action#android.intent.action.MAIN
ADDED from src\main\AndroidManifest.xml:39:17-69
	android:name
		ADDED from src\main\AndroidManifest.xml:39:25-66
category#android.intent.category.LAUNCHER
ADDED from src\main\AndroidManifest.xml:41:17-77
	android:name
		ADDED from src\main\AndroidManifest.xml:41:27-74
activity#br.com.tuiuti.swapgames.activities.LoginActivity_
ADDED from src\main\AndroidManifest.xml:46:9-47:56
	android:name
		ADDED from src\main\AndroidManifest.xml:47:13-54
meta-data#com.facebook.sdk.ApplicationId
ADDED from src\main\AndroidManifest.xml:52:9-54:55
	android:value
		ADDED from src\main\AndroidManifest.xml:54:13-52
	android:name
		ADDED from src\main\AndroidManifest.xml:53:13-58
activity#com.facebook.FacebookActivity
ADDED from src\main\AndroidManifest.xml:56:9-59:48
MERGED from [com.facebook.android:facebook-common:4.33.0] AndroidManifest.xml:29:9-32:66
MERGED from [com.facebook.android:facebook-common:4.33.0] AndroidManifest.xml:29:9-32:66
	android:label
		ADDED from src\main\AndroidManifest.xml:59:13-45
	android:configChanges
		ADDED from src\main\AndroidManifest.xml:58:13-96
	android:theme
		ADDED from [com.facebook.android:facebook-common:4.33.0] AndroidManifest.xml:32:13-63
	android:name
		ADDED from src\main\AndroidManifest.xml:57:13-57
activity#com.facebook.CustomTabActivity
ADDED from src\main\AndroidManifest.xml:60:9-71:20
	android:exported
		ADDED from src\main\AndroidManifest.xml:62:13-36
	android:name
		ADDED from src\main\AndroidManifest.xml:61:13-58
intent-filter#action:name:android.intent.action.VIEW+category:name:android.intent.category.BROWSABLE+category:name:android.intent.category.DEFAULT+data:scheme:@string/fb_login_protocol_scheme
ADDED from src\main\AndroidManifest.xml:63:13-70:29
action#android.intent.action.VIEW
ADDED from src\main\AndroidManifest.xml:64:17-69
	android:name
		ADDED from src\main\AndroidManifest.xml:64:25-66
category#android.intent.category.DEFAULT
ADDED from src\main\AndroidManifest.xml:66:17-76
	android:name
		ADDED from src\main\AndroidManifest.xml:66:27-73
category#android.intent.category.BROWSABLE
ADDED from src\main\AndroidManifest.xml:67:17-78
	android:name
		ADDED from src\main\AndroidManifest.xml:67:27-75
data
ADDED from src\main\AndroidManifest.xml:69:17-75
	android:scheme
		ADDED from src\main\AndroidManifest.xml:69:23-72
activity#br.com.tuiuti.swapgames.activities.HomeActivity_
ADDED from src\main\AndroidManifest.xml:73:9-77:20
	android:label
		ADDED from src\main\AndroidManifest.xml:75:13-56
	android:theme
		ADDED from src\main\AndroidManifest.xml:76:13-56
	android:name
		ADDED from src\main\AndroidManifest.xml:74:13-53
uses-sdk
INJECTED from src\main\AndroidManifest.xml reason: use-sdk injection requested
INJECTED from src\main\AndroidManifest.xml
INJECTED from src\main\AndroidManifest.xml
MERGED from [com.android.databinding:adapters:3.1.1] AndroidManifest.xml:22:5-44
MERGED from [com.android.databinding:adapters:3.1.1] AndroidManifest.xml:22:5-44
MERGED from [com.android.databinding:library:3.1.1] AndroidManifest.xml:22:5-44
MERGED from [com.android.databinding:library:3.1.1] AndroidManifest.xml:22:5-44
MERGED from [com.android.support:design:26.1.0] AndroidManifest.xml:21:5-23:62
MERGED from [com.android.support:design:26.1.0] AndroidManifest.xml:21:5-23:62
MERGED from [com.facebook.android:facebook-android-sdk:4.33.0] AndroidManifest.xml:24:5-26:41
MERGED from [com.facebook.android:facebook-android-sdk:4.33.0] AndroidManifest.xml:24:5-26:41
MERGED from [com.facebook.android:facebook-login:4.33.0] AndroidManifest.xml:24:5-26:41
MERGED from [com.facebook.android:facebook-login:4.33.0] AndroidManifest.xml:24:5-26:41
MERGED from [com.facebook.android:facebook-share:4.33.0] AndroidManifest.xml:24:5-26:41
MERGED from [com.facebook.android:facebook-share:4.33.0] AndroidManifest.xml:24:5-26:41
MERGED from [com.facebook.android:facebook-common:4.33.0] AndroidManifest.xml:24:5-26:41
MERGED from [com.facebook.android:facebook-common:4.33.0] AndroidManifest.xml:24:5-26:41
MERGED from [com.android.support:appcompat-v7:27.0.2] AndroidManifest.xml:20:5-44
MERGED from [com.android.support:appcompat-v7:27.0.2] AndroidManifest.xml:20:5-44
MERGED from [com.android.support.constraint:constraint-layout:1.1.2] AndroidManifest.xml:5:5-7:41
MERGED from [com.android.support.constraint:constraint-layout:1.1.2] AndroidManifest.xml:5:5-7:41
MERGED from [com.android.support:multidex:1.0.3] AndroidManifest.xml:20:5-43
MERGED from [com.android.support:multidex:1.0.3] AndroidManifest.xml:20:5-43
MERGED from [com.android.support:transition:26.1.0] AndroidManifest.xml:20:5-44
MERGED from [com.android.support:transition:26.1.0] AndroidManifest.xml:20:5-44
MERGED from [com.android.support:support-v4:27.0.2] AndroidManifest.xml:20:5-44
MERGED from [com.android.support:support-v4:27.0.2] AndroidManifest.xml:20:5-44
MERGED from [com.android.support:recyclerview-v7:26.1.0] AndroidManifest.xml:20:5-44
MERGED from [com.android.support:recyclerview-v7:26.1.0] AndroidManifest.xml:20:5-44
MERGED from [com.facebook.android:facebook-places:4.33.0] AndroidManifest.xml:24:5-26:41
MERGED from [com.facebook.android:facebook-places:4.33.0] AndroidManifest.xml:24:5-26:41
MERGED from [com.facebook.android:facebook-applinks:4.33.0] AndroidManifest.xml:24:5-26:41
MERGED from [com.facebook.android:facebook-applinks:4.33.0] AndroidManifest.xml:24:5-26:41
MERGED from [com.facebook.android:facebook-messenger:4.33.0] AndroidManifest.xml:24:5-26:41
MERGED from [com.facebook.android:facebook-messenger:4.33.0] AndroidManifest.xml:24:5-26:41
MERGED from [com.facebook.android:facebook-core:4.33.0] AndroidManifest.xml:24:5-26:41
MERGED from [com.facebook.android:facebook-core:4.33.0] AndroidManifest.xml:24:5-26:41
MERGED from [com.android.support:customtabs:27.0.2] AndroidManifest.xml:20:5-44
MERGED from [com.android.support:customtabs:27.0.2] AndroidManifest.xml:20:5-44
MERGED from [com.android.support:support-fragment:27.0.2] AndroidManifest.xml:20:5-44
MERGED from [com.android.support:support-fragment:27.0.2] AndroidManifest.xml:20:5-44
MERGED from [com.android.support:support-core-utils:27.0.2] AndroidManifest.xml:20:5-44
MERGED from [com.android.support:support-core-utils:27.0.2] AndroidManifest.xml:20:5-44
MERGED from [com.android.support:support-media-compat:27.0.2] AndroidManifest.xml:20:5-44
MERGED from [com.android.support:support-media-compat:27.0.2] AndroidManifest.xml:20:5-44
MERGED from [com.android.support:animated-vector-drawable:27.0.2] AndroidManifest.xml:20:5-44
MERGED from [com.android.support:animated-vector-drawable:27.0.2] AndroidManifest.xml:20:5-44
MERGED from [com.android.support:support-core-ui:27.0.2] AndroidManifest.xml:20:5-44
MERGED from [com.android.support:support-core-ui:27.0.2] AndroidManifest.xml:20:5-44
MERGED from [com.android.support:support-vector-drawable:27.0.2] AndroidManifest.xml:20:5-44
MERGED from [com.android.support:support-vector-drawable:27.0.2] AndroidManifest.xml:20:5-44
MERGED from [com.android.support:support-compat:27.0.2] AndroidManifest.xml:20:5-44
MERGED from [com.android.support:support-compat:27.0.2] AndroidManifest.xml:20:5-44
MERGED from [android.arch.lifecycle:runtime:1.0.3] AndroidManifest.xml:20:5-22:41
MERGED from [android.arch.lifecycle:runtime:1.0.3] AndroidManifest.xml:20:5-22:41
MERGED from [com.android.support:cardview-v7:27.0.2] AndroidManifest.xml:20:5-44
MERGED from [com.android.support:cardview-v7:27.0.2] AndroidManifest.xml:20:5-44
MERGED from [de.hdodenhof:circleimageview:2.2.0] AndroidManifest.xml:5:5-7:41
MERGED from [de.hdodenhof:circleimageview:2.2.0] AndroidManifest.xml:5:5-7:41
INJECTED from src\main\AndroidManifest.xml
INJECTED from src\main\AndroidManifest.xml
	tools:overrideLibrary
		ADDED from [com.android.support:design:26.1.0] AndroidManifest.xml:23:9-59
	android:targetSdkVersion
		INJECTED from src\main\AndroidManifest.xml
		ADDED from src\main\AndroidManifest.xml
		INJECTED from src\main\AndroidManifest.xml
	android:minSdkVersion
		INJECTED from src\main\AndroidManifest.xml
		ADDED from src\main\AndroidManifest.xml
		INJECTED from src\main\AndroidManifest.xml
meta-data#android.support.VERSION
ADDED from [com.android.support:design:26.1.0] AndroidManifest.xml:26:9-28:38
MERGED from [com.android.support:transition:26.1.0] AndroidManifest.xml:23:9-25:38
MERGED from [com.android.support:transition:26.1.0] AndroidManifest.xml:23:9-25:38
MERGED from [com.android.support:recyclerview-v7:26.1.0] AndroidManifest.xml:23:9-25:38
MERGED from [com.android.support:recyclerview-v7:26.1.0] AndroidManifest.xml:23:9-25:38
	android:value
		ADDED from [com.android.support:design:26.1.0] AndroidManifest.xml:28:13-35
	android:name
		ADDED from [com.android.support:design:26.1.0] AndroidManifest.xml:27:13-51
activity#com.facebook.CustomTabMainActivity
ADDED from [com.facebook.android:facebook-common:4.33.0] AndroidManifest.xml:33:9-71
	android:name
		ADDED from [com.facebook.android:facebook-common:4.33.0] AndroidManifest.xml:33:19-68
provider#com.facebook.internal.FacebookInitProvider
ADDED from [com.facebook.android:facebook-core:4.33.0] AndroidManifest.xml:39:9-42:40
	android:authorities
		ADDED from [com.facebook.android:facebook-core:4.33.0] AndroidManifest.xml:41:13-72
	android:exported
		ADDED from [com.facebook.android:facebook-core:4.33.0] AndroidManifest.xml:42:13-37
	android:name
		ADDED from [com.facebook.android:facebook-core:4.33.0] AndroidManifest.xml:40:13-70
receiver#com.facebook.CurrentAccessTokenExpirationBroadcastReceiver
ADDED from [com.facebook.android:facebook-core:4.33.0] AndroidManifest.xml:44:9-50:20
	android:exported
		ADDED from [com.facebook.android:facebook-core:4.33.0] AndroidManifest.xml:46:13-37
	android:name
		ADDED from [com.facebook.android:facebook-core:4.33.0] AndroidManifest.xml:45:13-86
intent-filter#action:name:com.facebook.sdk.ACTION_CURRENT_ACCESS_TOKEN_CHANGED
ADDED from [com.facebook.android:facebook-core:4.33.0] AndroidManifest.xml:47:13-49:29
action#com.facebook.sdk.ACTION_CURRENT_ACCESS_TOKEN_CHANGED
ADDED from [com.facebook.android:facebook-core:4.33.0] AndroidManifest.xml:48:17-95
	android:name
		ADDED from [com.facebook.android:facebook-core:4.33.0] AndroidManifest.xml:48:25-92